<?xml version="1.0" encoding="UTF-8"?>
<!-- Generated by org.testng.reporters.JUnitReportReporter -->
<testsuite hostname="Sonalis_AsusVB" failures="0" tests="6" name="TestRunner.RunnerTest" time="23.448" errors="0" timestamp="2024-01-12T00:17:00 IST" skipped="0">
  <testcase classname="TestRunner.RunnerTest" name="runScenario" time="1.762"/>
  <system-out/>
  <testcase classname="TestRunner.RunnerTest" name="runScenario" time="19.018"/>
  <system-out/>
  <testcase classname="TestRunner.RunnerTest" name="runScenario" time="0.524"/>
  <system-out/>
  <testcase classname="TestRunner.RunnerTest" name="runScenario" time="0.540"/>
  <system-out/>
  <testcase classname="TestRunner.RunnerTest" name="runScenario" time="1.130"/>
  <system-out/>
  <testcase classname="TestRunner.RunnerTest" name="runScenario" time="0.474"/>
  <system-out/>
</testsuite> <!-- TestRunner.RunnerTest -->
