<?xml version="1.0" encoding="UTF-8"?>
<!-- Generated by org.testng.reporters.JUnitReportReporter -->
<testsuite hostname="Sonalis_AsusVB" failures="0" tests="6" name="TestRunner.RunnerTest" time="24.391" errors="0" timestamp="2024-01-12T23:07:01 IST" skipped="0">
  <testcase classname="TestRunner.RunnerTest" name="runScenario" time="1.313"/>
  <system-out/>
  <testcase classname="TestRunner.RunnerTest" name="runScenario" time="1.496"/>
  <system-out/>
  <testcase classname="TestRunner.RunnerTest" name="runScenario" time="19.997"/>
  <system-out/>
  <testcase classname="TestRunner.RunnerTest" name="runScenario" time="0.521"/>
  <system-out/>
  <testcase classname="TestRunner.RunnerTest" name="runScenario" time="0.553"/>
  <system-out/>
  <testcase classname="TestRunner.RunnerTest" name="runScenario" time="0.511"/>
  <system-out/>
</testsuite> <!-- TestRunner.RunnerTest -->
